2017-04-10 15:42:39,302 [Worker-0] INFO  o.e.m.c.i.l.LifecycleMappingFactory - Using org.eclipse.m2e.jdt.JarLifecycleMapping lifecycle mapping for MavenProject: aj:aj:1.0-SNAPSHOT @ /promo2019/ajournee/NewprojetMaven/projetMaven/aj/pom.xml.
2017-04-10 15:42:39,852 [Worker-0] INFO  o.e.m.j.i.AbstractJavaProjectConfigurator - Adding source folder /aj/src/main/java
2017-04-10 15:42:39,852 [Worker-0] INFO  o.e.m.j.i.AbstractJavaProjectConfigurator - Adding source folder /aj/src/test/java
2017-04-10 15:42:39,956 [Worker-0] INFO  o.e.m.c.i.p.ProjectConfigurationManager - Imported and configured 1 project(s) in 1 sec
2017-04-10 15:42:40,646 [Worker-3] INFO  o.e.m.c.i.l.LifecycleMappingFactory - Using org.eclipse.m2e.jdt.JarLifecycleMapping lifecycle mapping for MavenProject: aj:aj:1.0-SNAPSHOT @ /promo2019/ajournee/NewprojetMaven/projetMaven/aj/pom.xml.
2017-04-10 15:42:40,775 [Worker-3] INFO  o.e.m.c.i.embedder.EclipseLogger - Using 'UTF-8' encoding to copy filtered resources.
2017-04-10 15:42:40,776 [Worker-3] INFO  o.e.m.c.i.embedder.EclipseLogger - skip non existing resourceDirectory /promo2019/ajournee/NewprojetMaven/projetMaven/aj/src/main/resources
2017-04-10 15:42:40,782 [Worker-3] INFO  o.e.m.c.i.embedder.EclipseLogger - Using 'UTF-8' encoding to copy filtered resources.
2017-04-10 15:42:40,782 [Worker-3] INFO  o.e.m.c.i.embedder.EclipseLogger - skip non existing resourceDirectory /promo2019/ajournee/NewprojetMaven/projetMaven/aj/src/test/resources
2017-04-10 15:42:41,713 [Worker-5] INFO  o.e.m.c.i.l.LifecycleMappingFactory - Using org.eclipse.m2e.jdt.JarLifecycleMapping lifecycle mapping for MavenProject: aj:aj:1.0-SNAPSHOT @ /promo2019/ajournee/NewprojetMaven/projetMaven/aj/pom.xml.
2017-04-10 15:42:41,990 [Worker-2] INFO  o.e.m.c.i.embedder.EclipseLogger - Using 'UTF-8' encoding to copy filtered resources.
2017-04-10 15:42:41,990 [Worker-2] INFO  o.e.m.c.i.embedder.EclipseLogger - skip non existing resourceDirectory /promo2019/ajournee/NewprojetMaven/projetMaven/aj/src/main/resources
2017-04-10 15:42:41,991 [Worker-2] INFO  o.e.m.c.i.embedder.EclipseLogger - Using 'UTF-8' encoding to copy filtered resources.
2017-04-10 15:42:41,991 [Worker-2] INFO  o.e.m.c.i.embedder.EclipseLogger - skip non existing resourceDirectory /promo2019/ajournee/NewprojetMaven/projetMaven/aj/src/test/resources
2017-04-10 15:45:15,580 [Worker-6] INFO  o.e.m.c.i.embedder.EclipseLogger - Using 'UTF-8' encoding to copy filtered resources.
2017-04-10 15:45:15,580 [Worker-6] INFO  o.e.m.c.i.embedder.EclipseLogger - skip non existing resourceDirectory /promo2019/ajournee/NewprojetMaven/projetMaven/aj/src/main/resources
2017-04-10 15:45:15,582 [Worker-6] INFO  o.e.m.c.i.embedder.EclipseLogger - Using 'UTF-8' encoding to copy filtered resources.
2017-04-10 15:45:15,582 [Worker-6] INFO  o.e.m.c.i.embedder.EclipseLogger - skip non existing resourceDirectory /promo2019/ajournee/NewprojetMaven/projetMaven/aj/src/test/resources
2017-04-10 15:48:11,356 [Worker-6] INFO  o.e.m.c.i.embedder.EclipseLogger - Using 'UTF-8' encoding to copy filtered resources.
2017-04-10 15:48:11,357 [Worker-6] INFO  o.e.m.c.i.embedder.EclipseLogger - skip non existing resourceDirectory /promo2019/ajournee/NewprojetMaven/projetMaven/aj/src/main/resources
2017-04-10 15:48:11,358 [Worker-6] INFO  o.e.m.c.i.embedder.EclipseLogger - Using 'UTF-8' encoding to copy filtered resources.
2017-04-10 15:48:11,359 [Worker-6] INFO  o.e.m.c.i.embedder.EclipseLogger - skip non existing resourceDirectory /promo2019/ajournee/NewprojetMaven/projetMaven/aj/src/test/resources
2017-04-10 15:51:16,283 [Worker-5] INFO  o.e.m.c.i.embedder.EclipseLogger - Using 'UTF-8' encoding to copy filtered resources.
2017-04-10 15:51:16,284 [Worker-5] INFO  o.e.m.c.i.embedder.EclipseLogger - skip non existing resourceDirectory /promo2019/ajournee/NewprojetMaven/projetMaven/aj/src/main/resources
2017-04-10 15:51:16,285 [Worker-5] INFO  o.e.m.c.i.embedder.EclipseLogger - Using 'UTF-8' encoding to copy filtered resources.
2017-04-10 15:51:16,286 [Worker-5] INFO  o.e.m.c.i.embedder.EclipseLogger - skip non existing resourceDirectory /promo2019/ajournee/NewprojetMaven/projetMaven/aj/src/test/resources
2017-04-10 15:54:46,902 [Worker-5] INFO  o.e.m.c.i.embedder.EclipseLogger - Using 'UTF-8' encoding to copy filtered resources.
2017-04-10 15:54:46,903 [Worker-5] INFO  o.e.m.c.i.embedder.EclipseLogger - skip non existing resourceDirectory /promo2019/ajournee/NewprojetMaven/projetMaven/aj/src/main/resources
2017-04-10 15:54:46,904 [Worker-5] INFO  o.e.m.c.i.embedder.EclipseLogger - Using 'UTF-8' encoding to copy filtered resources.
2017-04-10 15:54:46,904 [Worker-5] INFO  o.e.m.c.i.embedder.EclipseLogger - skip non existing resourceDirectory /promo2019/ajournee/NewprojetMaven/projetMaven/aj/src/test/resources
2017-04-10 15:56:47,528 [Worker-2] INFO  o.e.m.c.i.embedder.EclipseLogger - Using 'UTF-8' encoding to copy filtered resources.
2017-04-10 15:56:47,528 [Worker-2] INFO  o.e.m.c.i.embedder.EclipseLogger - skip non existing resourceDirectory /promo2019/ajournee/NewprojetMaven/projetMaven/aj/src/main/resources
2017-04-10 15:56:47,530 [Worker-2] INFO  o.e.m.c.i.embedder.EclipseLogger - Using 'UTF-8' encoding to copy filtered resources.
2017-04-10 15:56:47,531 [Worker-2] INFO  o.e.m.c.i.embedder.EclipseLogger - skip non existing resourceDirectory /promo2019/ajournee/NewprojetMaven/projetMaven/aj/src/test/resources
2017-04-10 16:06:37,282 [Worker-9] INFO  o.e.m.c.i.embedder.EclipseLogger - Using 'UTF-8' encoding to copy filtered resources.
2017-04-10 16:06:37,283 [Worker-9] INFO  o.e.m.c.i.embedder.EclipseLogger - skip non existing resourceDirectory /promo2019/ajournee/NewprojetMaven/projetMaven/aj/src/main/resources
2017-04-10 16:06:37,284 [Worker-9] INFO  o.e.m.c.i.embedder.EclipseLogger - Using 'UTF-8' encoding to copy filtered resources.
2017-04-10 16:06:37,290 [Worker-9] INFO  o.e.m.c.i.embedder.EclipseLogger - skip non existing resourceDirectory /promo2019/ajournee/NewprojetMaven/projetMaven/aj/src/test/resources
2017-04-10 16:06:53,936 [Worker-1] INFO  o.e.m.c.i.l.LifecycleMappingFactory - Using org.eclipse.m2e.jdt.JarLifecycleMapping lifecycle mapping for MavenProject: aj:aj:1.0-SNAPSHOT @ /promo2019/ajournee/NewprojetMaven/projetMaven/aj/pom.xml.
2017-04-10 16:06:54,306 [Worker-1] INFO  o.e.m.c.i.embedder.EclipseLogger - Using 'UTF-8' encoding to copy filtered resources.
2017-04-10 16:06:54,306 [Worker-1] INFO  o.e.m.c.i.embedder.EclipseLogger - skip non existing resourceDirectory /promo2019/ajournee/NewprojetMaven/projetMaven/aj/src/main/resources
2017-04-10 16:06:54,308 [Worker-1] INFO  o.e.m.c.i.embedder.EclipseLogger - Using 'UTF-8' encoding to copy filtered resources.
2017-04-10 16:06:54,308 [Worker-1] INFO  o.e.m.c.i.embedder.EclipseLogger - skip non existing resourceDirectory /promo2019/ajournee/NewprojetMaven/projetMaven/aj/src/test/resources
2017-04-10 16:06:55,637 [Worker-4] INFO  o.e.m.c.i.embedder.EclipseLogger - Using 'UTF-8' encoding to copy filtered resources.
2017-04-10 16:06:55,638 [Worker-4] INFO  o.e.m.c.i.embedder.EclipseLogger - skip non existing resourceDirectory /promo2019/ajournee/NewprojetMaven/projetMaven/aj/src/main/resources
2017-04-10 16:06:55,639 [Worker-4] INFO  o.e.m.c.i.embedder.EclipseLogger - Using 'UTF-8' encoding to copy filtered resources.
2017-04-10 16:06:55,639 [Worker-4] INFO  o.e.m.c.i.embedder.EclipseLogger - skip non existing resourceDirectory /promo2019/ajournee/NewprojetMaven/projetMaven/aj/src/test/resources
2017-04-10 16:10:16,381 [Worker-4] INFO  o.e.m.c.i.embedder.EclipseLogger - Using 'UTF-8' encoding to copy filtered resources.
2017-04-10 16:10:16,382 [Worker-4] INFO  o.e.m.c.i.embedder.EclipseLogger - skip non existing resourceDirectory /promo2019/ajournee/NewprojetMaven/projetMaven/aj/src/main/resources
2017-04-10 16:10:16,383 [Worker-4] INFO  o.e.m.c.i.embedder.EclipseLogger - Using 'UTF-8' encoding to copy filtered resources.
2017-04-10 16:10:16,383 [Worker-4] INFO  o.e.m.c.i.embedder.EclipseLogger - skip non existing resourceDirectory /promo2019/ajournee/NewprojetMaven/projetMaven/aj/src/test/resources
2017-04-10 16:12:23,046 [Worker-5] INFO  o.e.m.c.i.embedder.EclipseLogger - Using 'UTF-8' encoding to copy filtered resources.
2017-04-10 16:12:23,046 [Worker-5] INFO  o.e.m.c.i.embedder.EclipseLogger - skip non existing resourceDirectory /promo2019/ajournee/NewprojetMaven/projetMaven/aj/src/main/resources
2017-04-10 16:12:23,047 [Worker-5] INFO  o.e.m.c.i.embedder.EclipseLogger - Using 'UTF-8' encoding to copy filtered resources.
2017-04-10 16:12:23,048 [Worker-5] INFO  o.e.m.c.i.embedder.EclipseLogger - skip non existing resourceDirectory /promo2019/ajournee/NewprojetMaven/projetMaven/aj/src/test/resources
2017-04-10 16:15:01,605 [Worker-6] INFO  o.e.m.c.i.embedder.EclipseLogger - Using 'UTF-8' encoding to copy filtered resources.
2017-04-10 16:15:01,606 [Worker-6] INFO  o.e.m.c.i.embedder.EclipseLogger - skip non existing resourceDirectory /promo2019/ajournee/NewprojetMaven/projetMaven/aj/src/main/resources
2017-04-10 16:15:01,606 [Worker-6] INFO  o.e.m.c.i.embedder.EclipseLogger - Using 'UTF-8' encoding to copy filtered resources.
2017-04-10 16:15:01,607 [Worker-6] INFO  o.e.m.c.i.embedder.EclipseLogger - skip non existing resourceDirectory /promo2019/ajournee/NewprojetMaven/projetMaven/aj/src/test/resources
2017-04-10 16:48:56,857 [Worker-0] INFO  o.e.m.c.i.l.LifecycleMappingFactory - Using org.eclipse.m2e.jdt.JarLifecycleMapping lifecycle mapping for MavenProject: aj:aj:1.0-SNAPSHOT @ /promo2019/ajournee/NewprojetMaven/projetMaven/aj/pom.xml.
2017-04-10 16:48:57,158 [Worker-0] INFO  o.e.m.c.i.embedder.EclipseLogger - Using 'UTF-8' encoding to copy filtered resources.
2017-04-10 16:48:57,158 [Worker-0] INFO  o.e.m.c.i.embedder.EclipseLogger - skip non existing resourceDirectory /promo2019/ajournee/NewprojetMaven/projetMaven/aj/src/main/resources
2017-04-10 16:48:57,159 [Worker-0] INFO  o.e.m.c.i.embedder.EclipseLogger - Using 'UTF-8' encoding to copy filtered resources.
2017-04-10 16:48:57,159 [Worker-0] INFO  o.e.m.c.i.embedder.EclipseLogger - skip non existing resourceDirectory /promo2019/ajournee/NewprojetMaven/projetMaven/aj/src/test/resources
2017-04-10 16:48:58,529 [Worker-0] INFO  o.e.m.c.i.embedder.EclipseLogger - Using 'UTF-8' encoding to copy filtered resources.
2017-04-10 16:48:58,530 [Worker-0] INFO  o.e.m.c.i.embedder.EclipseLogger - skip non existing resourceDirectory /promo2019/ajournee/NewprojetMaven/projetMaven/aj/src/main/resources
2017-04-10 16:48:58,530 [Worker-0] INFO  o.e.m.c.i.embedder.EclipseLogger - Using 'UTF-8' encoding to copy filtered resources.
2017-04-10 16:48:58,530 [Worker-0] INFO  o.e.m.c.i.embedder.EclipseLogger - skip non existing resourceDirectory /promo2019/ajournee/NewprojetMaven/projetMaven/aj/src/test/resources
2017-04-10 16:52:06,636 [Worker-2] INFO  o.e.m.c.i.embedder.EclipseLogger - Using 'UTF-8' encoding to copy filtered resources.
2017-04-10 16:52:06,637 [Worker-2] INFO  o.e.m.c.i.embedder.EclipseLogger - skip non existing resourceDirectory /promo2019/ajournee/NewprojetMaven/projetMaven/aj/src/main/resources
2017-04-10 16:52:06,638 [Worker-2] INFO  o.e.m.c.i.embedder.EclipseLogger - Using 'UTF-8' encoding to copy filtered resources.
2017-04-10 16:52:06,638 [Worker-2] INFO  o.e.m.c.i.embedder.EclipseLogger - skip non existing resourceDirectory /promo2019/ajournee/NewprojetMaven/projetMaven/aj/src/test/resources
2017-04-10 16:57:55,265 [Worker-0] INFO  o.e.m.c.i.embedder.EclipseLogger - Using 'UTF-8' encoding to copy filtered resources.
2017-04-10 16:57:55,265 [Worker-0] INFO  o.e.m.c.i.embedder.EclipseLogger - skip non existing resourceDirectory /promo2019/ajournee/NewprojetMaven/projetMaven/aj/src/main/resources
2017-04-10 16:57:55,266 [Worker-0] INFO  o.e.m.c.i.embedder.EclipseLogger - Using 'UTF-8' encoding to copy filtered resources.
2017-04-10 16:57:55,267 [Worker-0] INFO  o.e.m.c.i.embedder.EclipseLogger - skip non existing resourceDirectory /promo2019/ajournee/NewprojetMaven/projetMaven/aj/src/test/resources
2017-04-10 17:05:05,783 [Worker-8] INFO  o.e.m.c.i.embedder.EclipseLogger - Using 'UTF-8' encoding to copy filtered resources.
2017-04-10 17:05:05,784 [Worker-8] INFO  o.e.m.c.i.embedder.EclipseLogger - skip non existing resourceDirectory /promo2019/ajournee/NewprojetMaven/projetMaven/aj/src/main/resources
2017-04-10 17:05:05,785 [Worker-8] INFO  o.e.m.c.i.embedder.EclipseLogger - Using 'UTF-8' encoding to copy filtered resources.
2017-04-10 17:05:05,786 [Worker-8] INFO  o.e.m.c.i.embedder.EclipseLogger - skip non existing resourceDirectory /promo2019/ajournee/NewprojetMaven/projetMaven/aj/src/test/resources
2017-04-12 13:45:50,377 [Worker-1] INFO  o.e.m.c.i.embedder.EclipseLogger - Using 'UTF-8' encoding to copy filtered resources.
2017-04-12 13:45:50,380 [Worker-1] INFO  o.e.m.c.i.embedder.EclipseLogger - skip non existing resourceDirectory /promo2019/ajournee/NewprojetMaven/projetMaven/aj/src/main/resources
2017-04-12 13:45:50,382 [Worker-1] INFO  o.e.m.c.i.embedder.EclipseLogger - Using 'UTF-8' encoding to copy filtered resources.
2017-04-12 13:45:50,382 [Worker-1] INFO  o.e.m.c.i.embedder.EclipseLogger - skip non existing resourceDirectory /promo2019/ajournee/NewprojetMaven/projetMaven/aj/src/test/resources
2017-04-12 13:46:13,112 [Worker-3] INFO  o.e.m.c.i.embedder.EclipseLogger - Using 'UTF-8' encoding to copy filtered resources.
2017-04-12 13:46:13,113 [Worker-3] INFO  o.e.m.c.i.embedder.EclipseLogger - skip non existing resourceDirectory /promo2019/ajournee/NewprojetMaven/projetMaven/aj/src/main/resources
2017-04-12 13:46:13,114 [Worker-3] INFO  o.e.m.c.i.embedder.EclipseLogger - Using 'UTF-8' encoding to copy filtered resources.
2017-04-12 13:46:13,114 [Worker-3] INFO  o.e.m.c.i.embedder.EclipseLogger - skip non existing resourceDirectory /promo2019/ajournee/NewprojetMaven/projetMaven/aj/src/test/resources
2017-04-12 13:47:53,417 [Worker-5] INFO  o.e.m.c.i.embedder.EclipseLogger - Using 'UTF-8' encoding to copy filtered resources.
2017-04-12 13:47:53,418 [Worker-5] INFO  o.e.m.c.i.embedder.EclipseLogger - skip non existing resourceDirectory /promo2019/ajournee/NewprojetMaven/projetMaven/aj/src/main/resources
2017-04-12 13:47:53,420 [Worker-5] INFO  o.e.m.c.i.embedder.EclipseLogger - Using 'UTF-8' encoding to copy filtered resources.
2017-04-12 13:47:53,420 [Worker-5] INFO  o.e.m.c.i.embedder.EclipseLogger - skip non existing resourceDirectory /promo2019/ajournee/NewprojetMaven/projetMaven/aj/src/test/resources
2017-04-12 13:51:43,270 [Worker-5] INFO  o.e.m.c.i.embedder.EclipseLogger - Using 'UTF-8' encoding to copy filtered resources.
2017-04-12 13:51:43,270 [Worker-5] INFO  o.e.m.c.i.embedder.EclipseLogger - skip non existing resourceDirectory /promo2019/ajournee/NewprojetMaven/projetMaven/aj/src/main/resources
2017-04-12 13:51:43,271 [Worker-5] INFO  o.e.m.c.i.embedder.EclipseLogger - Using 'UTF-8' encoding to copy filtered resources.
2017-04-12 13:51:43,271 [Worker-5] INFO  o.e.m.c.i.embedder.EclipseLogger - skip non existing resourceDirectory /promo2019/ajournee/NewprojetMaven/projetMaven/aj/src/test/resources
2017-04-12 13:52:01,259 [Worker-4] INFO  o.e.m.c.i.embedder.EclipseLogger - Using 'UTF-8' encoding to copy filtered resources.
2017-04-12 13:52:01,259 [Worker-4] INFO  o.e.m.c.i.embedder.EclipseLogger - skip non existing resourceDirectory /promo2019/ajournee/NewprojetMaven/projetMaven/aj/src/main/resources
2017-04-12 13:52:01,260 [Worker-4] INFO  o.e.m.c.i.embedder.EclipseLogger - Using 'UTF-8' encoding to copy filtered resources.
2017-04-12 13:52:01,260 [Worker-4] INFO  o.e.m.c.i.embedder.EclipseLogger - skip non existing resourceDirectory /promo2019/ajournee/NewprojetMaven/projetMaven/aj/src/test/resources
2017-04-12 13:52:42,935 [Worker-0] INFO  o.e.m.c.i.embedder.EclipseLogger - Using 'UTF-8' encoding to copy filtered resources.
2017-04-12 13:52:42,935 [Worker-0] INFO  o.e.m.c.i.embedder.EclipseLogger - skip non existing resourceDirectory /promo2019/ajournee/NewprojetMaven/projetMaven/aj/src/main/resources
2017-04-12 13:52:42,936 [Worker-0] INFO  o.e.m.c.i.embedder.EclipseLogger - Using 'UTF-8' encoding to copy filtered resources.
2017-04-12 13:52:42,937 [Worker-0] INFO  o.e.m.c.i.embedder.EclipseLogger - skip non existing resourceDirectory /promo2019/ajournee/NewprojetMaven/projetMaven/aj/src/test/resources
2017-04-12 13:53:15,355 [Worker-5] INFO  o.e.m.c.i.embedder.EclipseLogger - Using 'UTF-8' encoding to copy filtered resources.
2017-04-12 13:53:15,356 [Worker-5] INFO  o.e.m.c.i.embedder.EclipseLogger - skip non existing resourceDirectory /promo2019/ajournee/NewprojetMaven/projetMaven/aj/src/main/resources
2017-04-12 13:53:15,357 [Worker-5] INFO  o.e.m.c.i.embedder.EclipseLogger - Using 'UTF-8' encoding to copy filtered resources.
2017-04-12 13:53:15,357 [Worker-5] INFO  o.e.m.c.i.embedder.EclipseLogger - skip non existing resourceDirectory /promo2019/ajournee/NewprojetMaven/projetMaven/aj/src/test/resources
2017-04-12 13:54:12,249 [Worker-0] INFO  o.e.m.c.i.embedder.EclipseLogger - Using 'UTF-8' encoding to copy filtered resources.
2017-04-12 13:54:12,250 [Worker-0] INFO  o.e.m.c.i.embedder.EclipseLogger - skip non existing resourceDirectory /promo2019/ajournee/NewprojetMaven/projetMaven/aj/src/main/resources
2017-04-12 13:54:12,252 [Worker-0] INFO  o.e.m.c.i.embedder.EclipseLogger - Using 'UTF-8' encoding to copy filtered resources.
2017-04-12 13:54:12,252 [Worker-0] INFO  o.e.m.c.i.embedder.EclipseLogger - skip non existing resourceDirectory /promo2019/ajournee/NewprojetMaven/projetMaven/aj/src/test/resources
2017-04-12 13:55:21,545 [Worker-4] INFO  o.e.m.c.i.embedder.EclipseLogger - Using 'UTF-8' encoding to copy filtered resources.
2017-04-12 13:55:21,545 [Worker-4] INFO  o.e.m.c.i.embedder.EclipseLogger - skip non existing resourceDirectory /promo2019/ajournee/NewprojetMaven/projetMaven/aj/src/main/resources
2017-04-12 13:55:21,546 [Worker-4] INFO  o.e.m.c.i.embedder.EclipseLogger - Using 'UTF-8' encoding to copy filtered resources.
2017-04-12 13:55:21,546 [Worker-4] INFO  o.e.m.c.i.embedder.EclipseLogger - skip non existing resourceDirectory /promo2019/ajournee/NewprojetMaven/projetMaven/aj/src/test/resources
2017-04-12 13:55:32,608 [Worker-2] INFO  o.e.m.c.i.embedder.EclipseLogger - Using 'UTF-8' encoding to copy filtered resources.
2017-04-12 13:55:32,608 [Worker-2] INFO  o.e.m.c.i.embedder.EclipseLogger - skip non existing resourceDirectory /promo2019/ajournee/NewprojetMaven/projetMaven/aj/src/main/resources
2017-04-12 13:55:32,610 [Worker-2] INFO  o.e.m.c.i.embedder.EclipseLogger - Using 'UTF-8' encoding to copy filtered resources.
2017-04-12 13:55:32,610 [Worker-2] INFO  o.e.m.c.i.embedder.EclipseLogger - skip non existing resourceDirectory /promo2019/ajournee/NewprojetMaven/projetMaven/aj/src/test/resources
2017-04-12 13:57:18,084 [Worker-9] INFO  o.e.m.c.i.embedder.EclipseLogger - Using 'UTF-8' encoding to copy filtered resources.
2017-04-12 13:57:18,085 [Worker-9] INFO  o.e.m.c.i.embedder.EclipseLogger - skip non existing resourceDirectory /promo2019/ajournee/NewprojetMaven/projetMaven/aj/src/main/resources
2017-04-12 13:57:18,085 [Worker-9] INFO  o.e.m.c.i.embedder.EclipseLogger - Using 'UTF-8' encoding to copy filtered resources.
2017-04-12 13:57:18,086 [Worker-9] INFO  o.e.m.c.i.embedder.EclipseLogger - skip non existing resourceDirectory /promo2019/ajournee/NewprojetMaven/projetMaven/aj/src/test/resources
2017-04-12 13:57:19,728 [Worker-5] INFO  o.e.m.c.i.embedder.EclipseLogger - Using 'UTF-8' encoding to copy filtered resources.
2017-04-12 13:57:19,728 [Worker-5] INFO  o.e.m.c.i.embedder.EclipseLogger - skip non existing resourceDirectory /promo2019/ajournee/NewprojetMaven/projetMaven/aj/src/main/resources
2017-04-12 13:57:19,730 [Worker-5] INFO  o.e.m.c.i.embedder.EclipseLogger - Using 'UTF-8' encoding to copy filtered resources.
2017-04-12 13:57:19,730 [Worker-5] INFO  o.e.m.c.i.embedder.EclipseLogger - skip non existing resourceDirectory /promo2019/ajournee/NewprojetMaven/projetMaven/aj/src/test/resources
2017-04-12 13:58:37,466 [Worker-6] INFO  o.e.m.c.i.embedder.EclipseLogger - Using 'UTF-8' encoding to copy filtered resources.
2017-04-12 13:58:37,466 [Worker-6] INFO  o.e.m.c.i.embedder.EclipseLogger - skip non existing resourceDirectory /promo2019/ajournee/NewprojetMaven/projetMaven/aj/src/main/resources
2017-04-12 13:58:37,467 [Worker-6] INFO  o.e.m.c.i.embedder.EclipseLogger - Using 'UTF-8' encoding to copy filtered resources.
2017-04-12 13:58:37,467 [Worker-6] INFO  o.e.m.c.i.embedder.EclipseLogger - skip non existing resourceDirectory /promo2019/ajournee/NewprojetMaven/projetMaven/aj/src/test/resources
2017-04-12 14:11:16,637 [Worker-2] INFO  o.e.m.c.i.embedder.EclipseLogger - Using 'UTF-8' encoding to copy filtered resources.
2017-04-12 14:11:16,638 [Worker-2] INFO  o.e.m.c.i.embedder.EclipseLogger - skip non existing resourceDirectory /promo2019/ajournee/NewprojetMaven/projetMaven/aj/src/main/resources
2017-04-12 14:11:16,640 [Worker-2] INFO  o.e.m.c.i.embedder.EclipseLogger - Using 'UTF-8' encoding to copy filtered resources.
2017-04-12 14:11:16,640 [Worker-2] INFO  o.e.m.c.i.embedder.EclipseLogger - skip non existing resourceDirectory /promo2019/ajournee/NewprojetMaven/projetMaven/aj/src/test/resources
2017-04-12 14:17:23,065 [Worker-13] INFO  o.e.m.c.i.embedder.EclipseLogger - Using 'UTF-8' encoding to copy filtered resources.
2017-04-12 14:17:23,065 [Worker-13] INFO  o.e.m.c.i.embedder.EclipseLogger - skip non existing resourceDirectory /promo2019/ajournee/NewprojetMaven/projetMaven/aj/src/main/resources
2017-04-12 14:17:23,066 [Worker-13] INFO  o.e.m.c.i.embedder.EclipseLogger - Using 'UTF-8' encoding to copy filtered resources.
2017-04-12 14:17:23,066 [Worker-13] INFO  o.e.m.c.i.embedder.EclipseLogger - skip non existing resourceDirectory /promo2019/ajournee/NewprojetMaven/projetMaven/aj/src/test/resources
2017-04-12 14:18:09,428 [Worker-13] INFO  o.e.m.c.i.embedder.EclipseLogger - Using 'UTF-8' encoding to copy filtered resources.
2017-04-12 14:18:09,428 [Worker-13] INFO  o.e.m.c.i.embedder.EclipseLogger - skip non existing resourceDirectory /promo2019/ajournee/NewprojetMaven/projetMaven/aj/src/main/resources
2017-04-12 14:18:09,430 [Worker-13] INFO  o.e.m.c.i.embedder.EclipseLogger - Using 'UTF-8' encoding to copy filtered resources.
2017-04-12 14:18:09,430 [Worker-13] INFO  o.e.m.c.i.embedder.EclipseLogger - skip non existing resourceDirectory /promo2019/ajournee/NewprojetMaven/projetMaven/aj/src/test/resources
2017-04-12 14:20:25,493 [Worker-6] INFO  o.e.m.c.i.embedder.EclipseLogger - Using 'UTF-8' encoding to copy filtered resources.
2017-04-12 14:20:25,493 [Worker-6] INFO  o.e.m.c.i.embedder.EclipseLogger - skip non existing resourceDirectory /promo2019/ajournee/NewprojetMaven/projetMaven/aj/src/main/resources
2017-04-12 14:20:25,494 [Worker-6] INFO  o.e.m.c.i.embedder.EclipseLogger - Using 'UTF-8' encoding to copy filtered resources.
2017-04-12 14:20:25,494 [Worker-6] INFO  o.e.m.c.i.embedder.EclipseLogger - skip non existing resourceDirectory /promo2019/ajournee/NewprojetMaven/projetMaven/aj/src/test/resources
2017-04-12 14:27:52,874 [Worker-12] INFO  o.e.m.c.i.embedder.EclipseLogger - Using 'UTF-8' encoding to copy filtered resources.
2017-04-12 14:27:52,876 [Worker-12] INFO  o.e.m.c.i.embedder.EclipseLogger - skip non existing resourceDirectory /promo2019/ajournee/NewprojetMaven/projetMaven/aj/src/main/resources
2017-04-12 14:27:52,877 [Worker-12] INFO  o.e.m.c.i.embedder.EclipseLogger - Using 'UTF-8' encoding to copy filtered resources.
2017-04-12 14:27:52,882 [Worker-12] INFO  o.e.m.c.i.embedder.EclipseLogger - skip non existing resourceDirectory /promo2019/ajournee/NewprojetMaven/projetMaven/aj/src/test/resources
2017-04-12 14:28:05,378 [Worker-6] INFO  o.e.m.c.i.embedder.EclipseLogger - Using 'UTF-8' encoding to copy filtered resources.
2017-04-12 14:28:05,378 [Worker-6] INFO  o.e.m.c.i.embedder.EclipseLogger - skip non existing resourceDirectory /promo2019/ajournee/NewprojetMaven/projetMaven/aj/src/main/resources
2017-04-12 14:28:05,379 [Worker-6] INFO  o.e.m.c.i.embedder.EclipseLogger - Using 'UTF-8' encoding to copy filtered resources.
2017-04-12 14:28:05,379 [Worker-6] INFO  o.e.m.c.i.embedder.EclipseLogger - skip non existing resourceDirectory /promo2019/ajournee/NewprojetMaven/projetMaven/aj/src/test/resources
2017-04-12 14:28:36,809 [Worker-15] INFO  o.e.m.c.i.embedder.EclipseLogger - Using 'UTF-8' encoding to copy filtered resources.
2017-04-12 14:28:36,810 [Worker-15] INFO  o.e.m.c.i.embedder.EclipseLogger - skip non existing resourceDirectory /promo2019/ajournee/NewprojetMaven/projetMaven/aj/src/main/resources
2017-04-12 14:28:36,811 [Worker-15] INFO  o.e.m.c.i.embedder.EclipseLogger - Using 'UTF-8' encoding to copy filtered resources.
2017-04-12 14:28:36,811 [Worker-15] INFO  o.e.m.c.i.embedder.EclipseLogger - skip non existing resourceDirectory /promo2019/ajournee/NewprojetMaven/projetMaven/aj/src/test/resources
2017-04-12 14:28:48,302 [Worker-12] INFO  o.e.m.c.i.embedder.EclipseLogger - Using 'UTF-8' encoding to copy filtered resources.
2017-04-12 14:28:48,303 [Worker-12] INFO  o.e.m.c.i.embedder.EclipseLogger - skip non existing resourceDirectory /promo2019/ajournee/NewprojetMaven/projetMaven/aj/src/main/resources
2017-04-12 14:28:48,303 [Worker-12] INFO  o.e.m.c.i.embedder.EclipseLogger - Using 'UTF-8' encoding to copy filtered resources.
2017-04-12 14:28:48,303 [Worker-12] INFO  o.e.m.c.i.embedder.EclipseLogger - skip non existing resourceDirectory /promo2019/ajournee/NewprojetMaven/projetMaven/aj/src/test/resources
